{"numFailedTestSuites":1,"numFailedTests":1,"numPassedTestSuites":0,"numPassedTests":0,"numPendingTestSuites":0,"numPendingTests":0,"numRuntimeErrorTestSuites":0,"numTodoTests":0,"numTotalTestSuites":1,"numTotalTests":1,"openHandles":[],"snapshot":{"added":0,"didUpdate":false,"failure":false,"filesAdded":0,"filesRemoved":0,"filesRemovedList":[],"filesUnmatched":0,"filesUpdated":0,"matched":0,"total":0,"unchecked":0,"uncheckedKeysByFile":[],"unmatched":0,"updated":0},"startTime":1764869246657,"success":false,"testResults":[{"assertionResults":[{"ancestorTitles":["🎯 GACP Golden Loop (Corrected Workflow)"],"duration":1,"failureDetails":[{}],"failureMessages":["TypeError: GACPApplicationService is not a constructor\n    at Object.<anonymous> (C:\\Users\\usEr\\Documents\\GitHub\\GACP-Certification-Application\\apps\\backend\\routes\\api\\GacpApplications.js:19:21)\n    at Runtime._execModule (C:\\Users\\usEr\\Documents\\GitHub\\GACP-Certification-Application\\node_modules\\jest-runtime\\build\\index.js:1439:24)\n    at Runtime._loadModule (C:\\Users\\usEr\\Documents\\GitHub\\GACP-Certification-Application\\node_modules\\jest-runtime\\build\\index.js:1022:12)\n    at Runtime.requireModule (C:\\Users\\usEr\\Documents\\GitHub\\GACP-Certification-Application\\node_modules\\jest-runtime\\build\\index.js:882:12)\n    at Runtime.requireModuleOrMock (C:\\Users\\usEr\\Documents\\GitHub\\GACP-Certification-Application\\node_modules\\jest-runtime\\build\\index.js:1048:21)\n    at Object.require (C:\\Users\\usEr\\Documents\\GitHub\\GACP-Certification-Application\\apps\\backend\\routes\\v2\\index.js:13:28)\n    at Runtime._execModule (C:\\Users\\usEr\\Documents\\GitHub\\GACP-Certification-Application\\node_modules\\jest-runtime\\build\\index.js:1439:24)\n    at Runtime._loadModule (C:\\Users\\usEr\\Documents\\GitHub\\GACP-Certification-Application\\node_modules\\jest-runtime\\build\\index.js:1022:12)\n    at Runtime.requireModule (C:\\Users\\usEr\\Documents\\GitHub\\GACP-Certification-Application\\node_modules\\jest-runtime\\build\\index.js:882:12)\n    at Runtime.requireModuleOrMock (C:\\Users\\usEr\\Documents\\GitHub\\GACP-Certification-Application\\node_modules\\jest-runtime\\build\\index.js:1048:21)\n    at Object.require (C:\\Users\\usEr\\Documents\\GitHub\\GACP-Certification-Application\\apps\\backend\\server.js:17:18)\n    at Runtime._execModule (C:\\Users\\usEr\\Documents\\GitHub\\GACP-Certification-Application\\node_modules\\jest-runtime\\build\\index.js:1439:24)\n    at Runtime._loadModule (C:\\Users\\usEr\\Documents\\GitHub\\GACP-Certification-Application\\node_modules\\jest-runtime\\build\\index.js:1022:12)\n    at Runtime.requireModule (C:\\Users\\usEr\\Documents\\GitHub\\GACP-Certification-Application\\node_modules\\jest-runtime\\build\\index.js:882:12)\n    at Runtime.requireModuleOrMock (C:\\Users\\usEr\\Documents\\GitHub\\GACP-Certification-Application\\node_modules\\jest-runtime\\build\\index.js:1048:21)\n    at Object.require (C:\\Users\\usEr\\Documents\\GitHub\\GACP-Certification-Application\\apps\\backend\\__tests__\\integration\\gacp_golden_loop.test.js:66:15)\n    at processTicksAndRejections (node:internal/process/task_queues:105:5)"],"fullName":"🎯 GACP Golden Loop (Corrected Workflow) should complete the full GACP workflow successfully","invocations":1,"location":null,"numPassingAsserts":0,"retryReasons":[],"status":"failed","title":"should complete the full GACP workflow successfully"}],"endTime":1764869249111,"message":"\u001b[1m\u001b[31m  \u001b[1m● \u001b[22m\u001b[1m🎯 GACP Golden Loop (Corrected Workflow) › should complete the full GACP workflow successfully\u001b[39m\u001b[22m\n\n    TypeError: GACPApplicationService is not a constructor\n\u001b[2m\u001b[22m\n\u001b[2m    \u001b[0m \u001b[90m 17 |\u001b[39m\u001b[22m\n\u001b[2m     \u001b[90m 18 |\u001b[39m \u001b[36mconst\u001b[39m router \u001b[33m=\u001b[39m express\u001b[33m.\u001b[39m\u001b[33mRouter\u001b[39m()\u001b[33m;\u001b[39m\u001b[22m\n\u001b[2m    \u001b[31m\u001b[1m>\u001b[22m\u001b[2m\u001b[39m\u001b[90m 19 |\u001b[39m \u001b[36mconst\u001b[39m gacpService \u001b[33m=\u001b[39m \u001b[36mnew\u001b[39m \u001b[33mGACPApplicationService\u001b[39m()\u001b[33m;\u001b[39m\u001b[22m\n\u001b[2m     \u001b[90m    |\u001b[39m                     \u001b[31m\u001b[1m^\u001b[22m\u001b[2m\u001b[39m\u001b[22m\n\u001b[2m     \u001b[90m 20 |\u001b[39m\u001b[22m\n\u001b[2m     \u001b[90m 21 |\u001b[39m \u001b[90m// Configure multer for file uploads\u001b[39m\u001b[22m\n\u001b[2m     \u001b[90m 22 |\u001b[39m \u001b[36mconst\u001b[39m storage \u001b[33m=\u001b[39m multer\u001b[33m.\u001b[39mdiskStorage({\u001b[0m\u001b[22m\n\u001b[2m\u001b[22m\n\u001b[2m      \u001b[2mat Object.<anonymous> (\u001b[22m\u001b[2mroutes/api/GacpApplications.js\u001b[2m:19:21)\u001b[22m\u001b[2m\u001b[22m\n\u001b[2m      \u001b[2mat Object.require (\u001b[22m\u001b[2mroutes/v2/index.js\u001b[2m:13:28)\u001b[22m\u001b[2m\u001b[22m\n\u001b[2m      \u001b[2mat Object.require (\u001b[22m\u001b[2mserver.js\u001b[2m:17:18)\u001b[22m\u001b[2m\u001b[22m\n\u001b[2m      \u001b[2mat Object.require (\u001b[22m\u001b[2m\u001b[0m\u001b[36m__tests__/integration/gacp_golden_loop.test.js\u001b[39m\u001b[0m\u001b[2m:66:15)\u001b[22m\u001b[2m\u001b[22m\n","name":"C:\\Users\\usEr\\Documents\\GitHub\\GACP-Certification-Application\\apps\\backend\\__tests__\\integration\\gacp_golden_loop.test.js","startTime":1764869246689,"status":"failed","summary":""}],"wasInterrupted":false}
